INFO:root:File updated successfully. 0 new entries added
INFO:root:File updated successfully. 6494 new entries added
INFO:root:File updated successfully. 6495 new entries added
INFO:root:File updated successfully. 6492 new entries added
DEBUG:urllib3.connectionpool:Starting new HTTPS connection (1): www.olx.ua:443
DEBUG:urllib3.connectionpool:https://www.olx.ua:443 "GET /uk/nedvizhimost/kvartiry/dolgosrochnaya-arenda-kvartir/Kiev HTTP/1.1" 301 162
DEBUG:urllib3.connectionpool:Starting new HTTP connection (1): www.olx.ua:80
DEBUG:urllib3.connectionpool:http://www.olx.ua:80 "GET /uk/nedvizhimost/kvartiry/dolgosrochnaya-arenda-kvartir/Kiev/ HTTP/1.1" 301 167
DEBUG:urllib3.connectionpool:https://www.olx.ua:443 "GET /uk/nedvizhimost/kvartiry/dolgosrochnaya-arenda-kvartir/Kiev/ HTTP/1.1" 200 None
DEBUG:urllib3.connectionpool:Starting new HTTPS connection (1): www.olx.ua:443
DEBUG:urllib3.connectionpool:https://www.olx.ua:443 "GET /uk/nedvizhimost/kvartiry/dolgosrochnaya-arenda-kvartir/Kiev/?page=2 HTTP/1.1" 200 None
DEBUG:urllib3.connectionpool:Starting new HTTPS connection (1): www.olx.ua:443
DEBUG:urllib3.connectionpool:https://www.olx.ua:443 "GET /uk/nedvizhimost/kvartiry/dolgosrochnaya-arenda-kvartir/Kiev/?page=3 HTTP/1.1" 200 None
DEBUG:urllib3.connectionpool:Starting new HTTPS connection (1): www.olx.ua:443
DEBUG:urllib3.connectionpool:https://www.olx.ua:443 "GET /uk/nedvizhimost/kvartiry/dolgosrochnaya-arenda-kvartir/Kiev/?page=4 HTTP/1.1" 200 None
DEBUG:urllib3.connectionpool:Starting new HTTPS connection (1): www.olx.ua:443
DEBUG:urllib3.connectionpool:https://www.olx.ua:443 "GET /uk/nedvizhimost/kvartiry/dolgosrochnaya-arenda-kvartir/Kiev/?page=5 HTTP/1.1" 200 None
DEBUG:urllib3.connectionpool:Starting new HTTPS connection (1): www.olx.ua:443
DEBUG:urllib3.connectionpool:https://www.olx.ua:443 "GET /uk/nedvizhimost/kvartiry/dolgosrochnaya-arenda-kvartir/Kiev/?page=6 HTTP/1.1" 200 None
DEBUG:urllib3.connectionpool:Starting new HTTPS connection (1): www.olx.ua:443
DEBUG:urllib3.connectionpool:https://www.olx.ua:443 "GET /uk/nedvizhimost/kvartiry/dolgosrochnaya-arenda-kvartir/Kiev/?page=7 HTTP/1.1" 200 None
DEBUG:urllib3.connectionpool:Starting new HTTPS connection (1): www.olx.ua:443
DEBUG:urllib3.connectionpool:https://www.olx.ua:443 "GET /uk/nedvizhimost/kvartiry/dolgosrochnaya-arenda-kvartir/Kiev/?page=8 HTTP/1.1" 200 None
DEBUG:urllib3.connectionpool:Starting new HTTPS connection (1): www.olx.ua:443
DEBUG:urllib3.connectionpool:https://www.olx.ua:443 "GET /uk/nedvizhimost/kvartiry/dolgosrochnaya-arenda-kvartir/Kiev/?page=9 HTTP/1.1" 200 None
DEBUG:urllib3.connectionpool:Starting new HTTPS connection (1): www.olx.ua:443
DEBUG:urllib3.connectionpool:https://www.olx.ua:443 "GET /uk/nedvizhimost/kvartiry/dolgosrochnaya-arenda-kvartir/Kiev/?page=10 HTTP/1.1" 200 None
DEBUG:urllib3.connectionpool:Starting new HTTPS connection (1): www.olx.ua:443
DEBUG:urllib3.connectionpool:https://www.olx.ua:443 "GET /uk/nedvizhimost/kvartiry/dolgosrochnaya-arenda-kvartir/Kiev/?page=11 HTTP/1.1" 200 None
DEBUG:urllib3.connectionpool:Starting new HTTPS connection (1): www.olx.ua:443
DEBUG:urllib3.connectionpool:https://www.olx.ua:443 "GET /uk/nedvizhimost/kvartiry/dolgosrochnaya-arenda-kvartir/Kiev/?page=12 HTTP/1.1" 200 None
DEBUG:urllib3.connectionpool:Starting new HTTPS connection (1): www.olx.ua:443
DEBUG:urllib3.connectionpool:https://www.olx.ua:443 "GET /uk/nedvizhimost/kvartiry/dolgosrochnaya-arenda-kvartir/Kiev/?page=13 HTTP/1.1" 200 None
DEBUG:urllib3.connectionpool:Starting new HTTPS connection (1): www.olx.ua:443
DEBUG:urllib3.connectionpool:https://www.olx.ua:443 "GET /uk/nedvizhimost/kvartiry/dolgosrochnaya-arenda-kvartir/Kiev/?page=14 HTTP/1.1" 200 None
DEBUG:urllib3.connectionpool:Starting new HTTPS connection (1): www.olx.ua:443
DEBUG:urllib3.connectionpool:https://www.olx.ua:443 "GET /uk/nedvizhimost/kvartiry/dolgosrochnaya-arenda-kvartir/Kiev/?page=15 HTTP/1.1" 200 None
DEBUG:urllib3.connectionpool:Starting new HTTPS connection (1): www.olx.ua:443
DEBUG:urllib3.connectionpool:https://www.olx.ua:443 "GET /uk/nedvizhimost/kvartiry/dolgosrochnaya-arenda-kvartir/Kiev/?page=16 HTTP/1.1" 200 None
DEBUG:urllib3.connectionpool:Starting new HTTPS connection (1): www.olx.ua:443
DEBUG:urllib3.connectionpool:https://www.olx.ua:443 "GET /uk/nedvizhimost/kvartiry/dolgosrochnaya-arenda-kvartir/Kiev/?page=17 HTTP/1.1" 200 None
DEBUG:urllib3.connectionpool:Starting new HTTPS connection (1): www.olx.ua:443
DEBUG:urllib3.connectionpool:https://www.olx.ua:443 "GET /uk/nedvizhimost/kvartiry/dolgosrochnaya-arenda-kvartir/Kiev/?page=18 HTTP/1.1" 200 None
DEBUG:urllib3.connectionpool:Starting new HTTPS connection (1): www.olx.ua:443
DEBUG:urllib3.connectionpool:https://www.olx.ua:443 "GET /uk/nedvizhimost/kvartiry/dolgosrochnaya-arenda-kvartir/Kiev/?page=19 HTTP/1.1" 200 None
DEBUG:urllib3.connectionpool:Starting new HTTPS connection (1): www.olx.ua:443
DEBUG:urllib3.connectionpool:https://www.olx.ua:443 "GET /uk/nedvizhimost/kvartiry/dolgosrochnaya-arenda-kvartir/Kiev/?page=20 HTTP/1.1" 200 None
DEBUG:urllib3.connectionpool:Starting new HTTPS connection (1): www.olx.ua:443
DEBUG:urllib3.connectionpool:https://www.olx.ua:443 "GET /uk/nedvizhimost/kvartiry/dolgosrochnaya-arenda-kvartir/Kiev/?page=21 HTTP/1.1" 200 None
DEBUG:urllib3.connectionpool:Starting new HTTPS connection (1): www.olx.ua:443
DEBUG:urllib3.connectionpool:https://www.olx.ua:443 "GET /uk/nedvizhimost/kvartiry/dolgosrochnaya-arenda-kvartir/Kiev/?page=22 HTTP/1.1" 200 None
DEBUG:urllib3.connectionpool:Starting new HTTPS connection (1): www.olx.ua:443
DEBUG:urllib3.connectionpool:https://www.olx.ua:443 "GET /uk/nedvizhimost/kvartiry/dolgosrochnaya-arenda-kvartir/Kiev/?page=23 HTTP/1.1" 200 None
DEBUG:urllib3.connectionpool:Starting new HTTPS connection (1): www.olx.ua:443
DEBUG:urllib3.connectionpool:https://www.olx.ua:443 "GET /uk/nedvizhimost/kvartiry/dolgosrochnaya-arenda-kvartir/Kiev/?page=24 HTTP/1.1" 200 None
DEBUG:urllib3.connectionpool:Starting new HTTPS connection (1): www.olx.ua:443
DEBUG:urllib3.connectionpool:https://www.olx.ua:443 "GET /uk/nedvizhimost/kvartiry/dolgosrochnaya-arenda-kvartir/Kiev/?page=25 HTTP/1.1" 200 None
DEBUG:urllib3.connectionpool:Starting new HTTPS connection (1): www.olx.ua:443
DEBUG:urllib3.connectionpool:https://www.olx.ua:443 "GET /uk/nedvizhimost/kvartiry/dolgosrochnaya-arenda-kvartir/Lvov HTTP/1.1" 301 162
DEBUG:urllib3.connectionpool:Starting new HTTP connection (1): www.olx.ua:80
DEBUG:urllib3.connectionpool:http://www.olx.ua:80 "GET /uk/nedvizhimost/kvartiry/dolgosrochnaya-arenda-kvartir/Lvov/ HTTP/1.1" 301 167
DEBUG:urllib3.connectionpool:https://www.olx.ua:443 "GET /uk/nedvizhimost/kvartiry/dolgosrochnaya-arenda-kvartir/Lvov/ HTTP/1.1" 200 None
DEBUG:urllib3.connectionpool:Starting new HTTPS connection (1): www.olx.ua:443
DEBUG:urllib3.connectionpool:https://www.olx.ua:443 "GET /uk/nedvizhimost/kvartiry/dolgosrochnaya-arenda-kvartir/Lvov/?page=2 HTTP/1.1" 200 None
DEBUG:urllib3.connectionpool:Starting new HTTPS connection (1): www.olx.ua:443
DEBUG:urllib3.connectionpool:https://www.olx.ua:443 "GET /uk/nedvizhimost/kvartiry/dolgosrochnaya-arenda-kvartir/Lvov/?page=3 HTTP/1.1" 200 None
DEBUG:urllib3.connectionpool:Starting new HTTPS connection (1): www.olx.ua:443
DEBUG:urllib3.connectionpool:https://www.olx.ua:443 "GET /uk/nedvizhimost/kvartiry/dolgosrochnaya-arenda-kvartir/Lvov/?page=4 HTTP/1.1" 200 None
DEBUG:urllib3.connectionpool:Starting new HTTPS connection (1): www.olx.ua:443
DEBUG:urllib3.connectionpool:https://www.olx.ua:443 "GET /uk/nedvizhimost/kvartiry/dolgosrochnaya-arenda-kvartir/Lvov/?page=5 HTTP/1.1" 200 None
DEBUG:urllib3.connectionpool:Starting new HTTPS connection (1): www.olx.ua:443
DEBUG:urllib3.connectionpool:https://www.olx.ua:443 "GET /uk/nedvizhimost/kvartiry/dolgosrochnaya-arenda-kvartir/Lvov/?page=6 HTTP/1.1" 200 None
DEBUG:urllib3.connectionpool:Starting new HTTPS connection (1): www.olx.ua:443
DEBUG:urllib3.connectionpool:https://www.olx.ua:443 "GET /uk/nedvizhimost/kvartiry/dolgosrochnaya-arenda-kvartir/Lvov/?page=7 HTTP/1.1" 200 None
DEBUG:urllib3.connectionpool:Starting new HTTPS connection (1): www.olx.ua:443
DEBUG:urllib3.connectionpool:https://www.olx.ua:443 "GET /uk/nedvizhimost/kvartiry/dolgosrochnaya-arenda-kvartir/Lvov/?page=8 HTTP/1.1" 200 None
DEBUG:urllib3.connectionpool:Starting new HTTPS connection (1): www.olx.ua:443
DEBUG:urllib3.connectionpool:https://www.olx.ua:443 "GET /uk/nedvizhimost/kvartiry/dolgosrochnaya-arenda-kvartir/Lvov/?page=9 HTTP/1.1" 200 None
DEBUG:urllib3.connectionpool:Starting new HTTPS connection (1): www.olx.ua:443
DEBUG:urllib3.connectionpool:https://www.olx.ua:443 "GET /uk/nedvizhimost/kvartiry/dolgosrochnaya-arenda-kvartir/Lvov/?page=10 HTTP/1.1" 200 None
DEBUG:urllib3.connectionpool:Starting new HTTPS connection (1): www.olx.ua:443
DEBUG:urllib3.connectionpool:https://www.olx.ua:443 "GET /uk/nedvizhimost/kvartiry/dolgosrochnaya-arenda-kvartir/Lvov/?page=11 HTTP/1.1" 200 None
DEBUG:urllib3.connectionpool:Starting new HTTPS connection (1): www.olx.ua:443
DEBUG:urllib3.connectionpool:https://www.olx.ua:443 "GET /uk/nedvizhimost/kvartiry/dolgosrochnaya-arenda-kvartir/Lvov/?page=12 HTTP/1.1" 200 None
DEBUG:urllib3.connectionpool:Starting new HTTPS connection (1): www.olx.ua:443
DEBUG:urllib3.connectionpool:https://www.olx.ua:443 "GET /uk/nedvizhimost/kvartiry/dolgosrochnaya-arenda-kvartir/Lvov/?page=13 HTTP/1.1" 200 None
DEBUG:urllib3.connectionpool:Starting new HTTPS connection (1): www.olx.ua:443
DEBUG:urllib3.connectionpool:https://www.olx.ua:443 "GET /uk/nedvizhimost/kvartiry/dolgosrochnaya-arenda-kvartir/Lvov/?page=14 HTTP/1.1" 200 None
DEBUG:urllib3.connectionpool:Starting new HTTPS connection (1): www.olx.ua:443
DEBUG:urllib3.connectionpool:https://www.olx.ua:443 "GET /uk/nedvizhimost/kvartiry/dolgosrochnaya-arenda-kvartir/Lvov/?page=15 HTTP/1.1" 200 None
DEBUG:urllib3.connectionpool:Starting new HTTPS connection (1): www.olx.ua:443
DEBUG:urllib3.connectionpool:https://www.olx.ua:443 "GET /uk/nedvizhimost/kvartiry/dolgosrochnaya-arenda-kvartir/Lvov/?page=16 HTTP/1.1" 200 None
DEBUG:urllib3.connectionpool:Starting new HTTPS connection (1): www.olx.ua:443
DEBUG:urllib3.connectionpool:https://www.olx.ua:443 "GET /uk/nedvizhimost/kvartiry/dolgosrochnaya-arenda-kvartir/Lvov/?page=17 HTTP/1.1" 200 None
DEBUG:urllib3.connectionpool:Starting new HTTPS connection (1): www.olx.ua:443
DEBUG:urllib3.connectionpool:https://www.olx.ua:443 "GET /uk/nedvizhimost/kvartiry/dolgosrochnaya-arenda-kvartir/Lvov/?page=18 HTTP/1.1" 200 None
DEBUG:urllib3.connectionpool:Starting new HTTPS connection (1): www.olx.ua:443
DEBUG:urllib3.connectionpool:https://www.olx.ua:443 "GET /uk/nedvizhimost/kvartiry/dolgosrochnaya-arenda-kvartir/Lvov/?page=19 HTTP/1.1" 200 None
DEBUG:urllib3.connectionpool:Starting new HTTPS connection (1): www.olx.ua:443
DEBUG:urllib3.connectionpool:https://www.olx.ua:443 "GET /uk/nedvizhimost/kvartiry/dolgosrochnaya-arenda-kvartir/Lvov/?page=20 HTTP/1.1" 200 None
DEBUG:urllib3.connectionpool:Starting new HTTPS connection (1): www.olx.ua:443
DEBUG:urllib3.connectionpool:https://www.olx.ua:443 "GET /uk/nedvizhimost/kvartiry/dolgosrochnaya-arenda-kvartir/Lvov/?page=21 HTTP/1.1" 200 None
DEBUG:urllib3.connectionpool:Starting new HTTPS connection (1): www.olx.ua:443
DEBUG:urllib3.connectionpool:https://www.olx.ua:443 "GET /uk/nedvizhimost/kvartiry/dolgosrochnaya-arenda-kvartir/Lvov/?page=22 HTTP/1.1" 200 None
DEBUG:urllib3.connectionpool:Starting new HTTPS connection (1): www.olx.ua:443
DEBUG:urllib3.connectionpool:https://www.olx.ua:443 "GET /uk/nedvizhimost/kvartiry/dolgosrochnaya-arenda-kvartir/Lvov/?page=23 HTTP/1.1" 200 None
DEBUG:urllib3.connectionpool:Starting new HTTPS connection (1): www.olx.ua:443
DEBUG:urllib3.connectionpool:https://www.olx.ua:443 "GET /uk/nedvizhimost/kvartiry/dolgosrochnaya-arenda-kvartir/Lvov/?page=24 HTTP/1.1" 200 None
DEBUG:urllib3.connectionpool:Starting new HTTPS connection (1): www.olx.ua:443
DEBUG:urllib3.connectionpool:https://www.olx.ua:443 "GET /uk/nedvizhimost/kvartiry/dolgosrochnaya-arenda-kvartir/Lvov/?page=25 HTTP/1.1" 200 None
DEBUG:urllib3.connectionpool:Starting new HTTPS connection (1): www.olx.ua:443
DEBUG:urllib3.connectionpool:https://www.olx.ua:443 "GET /uk/nedvizhimost/kvartiry/dolgosrochnaya-arenda-kvartir/Odessa HTTP/1.1" 301 162
DEBUG:urllib3.connectionpool:Starting new HTTP connection (1): www.olx.ua:80
DEBUG:urllib3.connectionpool:http://www.olx.ua:80 "GET /uk/nedvizhimost/kvartiry/dolgosrochnaya-arenda-kvartir/Odessa/ HTTP/1.1" 301 167
DEBUG:urllib3.connectionpool:https://www.olx.ua:443 "GET /uk/nedvizhimost/kvartiry/dolgosrochnaya-arenda-kvartir/Odessa/ HTTP/1.1" 200 None
DEBUG:urllib3.connectionpool:Starting new HTTPS connection (1): www.olx.ua:443
DEBUG:urllib3.connectionpool:https://www.olx.ua:443 "GET /uk/nedvizhimost/kvartiry/dolgosrochnaya-arenda-kvartir/Odessa/?page=2 HTTP/1.1" 200 None
DEBUG:urllib3.connectionpool:Starting new HTTPS connection (1): www.olx.ua:443
DEBUG:urllib3.connectionpool:https://www.olx.ua:443 "GET /uk/nedvizhimost/kvartiry/dolgosrochnaya-arenda-kvartir/Odessa/?page=3 HTTP/1.1" 200 None
DEBUG:urllib3.connectionpool:Starting new HTTPS connection (1): www.olx.ua:443
DEBUG:urllib3.connectionpool:https://www.olx.ua:443 "GET /uk/nedvizhimost/kvartiry/dolgosrochnaya-arenda-kvartir/Odessa/?page=4 HTTP/1.1" 200 None
DEBUG:urllib3.connectionpool:Starting new HTTPS connection (1): www.olx.ua:443
DEBUG:urllib3.connectionpool:https://www.olx.ua:443 "GET /uk/nedvizhimost/kvartiry/dolgosrochnaya-arenda-kvartir/Odessa/?page=5 HTTP/1.1" 200 None
DEBUG:urllib3.connectionpool:Starting new HTTPS connection (1): www.olx.ua:443
DEBUG:urllib3.connectionpool:https://www.olx.ua:443 "GET /uk/nedvizhimost/kvartiry/dolgosrochnaya-arenda-kvartir/Odessa/?page=6 HTTP/1.1" 200 None
DEBUG:urllib3.connectionpool:Starting new HTTPS connection (1): www.olx.ua:443
DEBUG:urllib3.connectionpool:https://www.olx.ua:443 "GET /uk/nedvizhimost/kvartiry/dolgosrochnaya-arenda-kvartir/Odessa/?page=7 HTTP/1.1" 200 None
DEBUG:urllib3.connectionpool:Starting new HTTPS connection (1): www.olx.ua:443
DEBUG:urllib3.connectionpool:https://www.olx.ua:443 "GET /uk/nedvizhimost/kvartiry/dolgosrochnaya-arenda-kvartir/Odessa/?page=8 HTTP/1.1" 200 None
DEBUG:urllib3.connectionpool:Starting new HTTPS connection (1): www.olx.ua:443
DEBUG:urllib3.connectionpool:https://www.olx.ua:443 "GET /uk/nedvizhimost/kvartiry/dolgosrochnaya-arenda-kvartir/Odessa/?page=9 HTTP/1.1" 200 None
DEBUG:urllib3.connectionpool:Starting new HTTPS connection (1): www.olx.ua:443
DEBUG:urllib3.connectionpool:https://www.olx.ua:443 "GET /uk/nedvizhimost/kvartiry/dolgosrochnaya-arenda-kvartir/Odessa/?page=10 HTTP/1.1" 200 None
DEBUG:urllib3.connectionpool:Starting new HTTPS connection (1): www.olx.ua:443
DEBUG:urllib3.connectionpool:https://www.olx.ua:443 "GET /uk/nedvizhimost/kvartiry/dolgosrochnaya-arenda-kvartir/Odessa/?page=11 HTTP/1.1" 200 None
DEBUG:urllib3.connectionpool:Starting new HTTPS connection (1): www.olx.ua:443
DEBUG:urllib3.connectionpool:https://www.olx.ua:443 "GET /uk/nedvizhimost/kvartiry/dolgosrochnaya-arenda-kvartir/Odessa/?page=12 HTTP/1.1" 200 None
DEBUG:urllib3.connectionpool:Starting new HTTPS connection (1): www.olx.ua:443
DEBUG:urllib3.connectionpool:https://www.olx.ua:443 "GET /uk/nedvizhimost/kvartiry/dolgosrochnaya-arenda-kvartir/Odessa/?page=13 HTTP/1.1" 200 None
DEBUG:urllib3.connectionpool:Starting new HTTPS connection (1): www.olx.ua:443
DEBUG:urllib3.connectionpool:https://www.olx.ua:443 "GET /uk/nedvizhimost/kvartiry/dolgosrochnaya-arenda-kvartir/Odessa/?page=14 HTTP/1.1" 200 None
DEBUG:urllib3.connectionpool:Starting new HTTPS connection (1): www.olx.ua:443
DEBUG:urllib3.connectionpool:https://www.olx.ua:443 "GET /uk/nedvizhimost/kvartiry/dolgosrochnaya-arenda-kvartir/Odessa/?page=15 HTTP/1.1" 200 None
DEBUG:urllib3.connectionpool:Starting new HTTPS connection (1): www.olx.ua:443
DEBUG:urllib3.connectionpool:https://www.olx.ua:443 "GET /uk/nedvizhimost/kvartiry/dolgosrochnaya-arenda-kvartir/Odessa/?page=16 HTTP/1.1" 200 None
DEBUG:urllib3.connectionpool:Starting new HTTPS connection (1): www.olx.ua:443
DEBUG:urllib3.connectionpool:https://www.olx.ua:443 "GET /uk/nedvizhimost/kvartiry/dolgosrochnaya-arenda-kvartir/Odessa/?page=17 HTTP/1.1" 200 None
DEBUG:urllib3.connectionpool:Starting new HTTPS connection (1): www.olx.ua:443
DEBUG:urllib3.connectionpool:https://www.olx.ua:443 "GET /uk/nedvizhimost/kvartiry/dolgosrochnaya-arenda-kvartir/Odessa/?page=18 HTTP/1.1" 200 None
DEBUG:urllib3.connectionpool:Starting new HTTPS connection (1): www.olx.ua:443
DEBUG:urllib3.connectionpool:https://www.olx.ua:443 "GET /uk/nedvizhimost/kvartiry/dolgosrochnaya-arenda-kvartir/Odessa/?page=19 HTTP/1.1" 200 None
DEBUG:urllib3.connectionpool:Starting new HTTPS connection (1): www.olx.ua:443
DEBUG:urllib3.connectionpool:https://www.olx.ua:443 "GET /uk/nedvizhimost/kvartiry/dolgosrochnaya-arenda-kvartir/Odessa/?page=20 HTTP/1.1" 200 None
DEBUG:urllib3.connectionpool:Starting new HTTPS connection (1): www.olx.ua:443
DEBUG:urllib3.connectionpool:https://www.olx.ua:443 "GET /uk/nedvizhimost/kvartiry/dolgosrochnaya-arenda-kvartir/Odessa/?page=21 HTTP/1.1" 200 None
DEBUG:urllib3.connectionpool:Starting new HTTPS connection (1): www.olx.ua:443
DEBUG:urllib3.connectionpool:https://www.olx.ua:443 "GET /uk/nedvizhimost/kvartiry/dolgosrochnaya-arenda-kvartir/Odessa/?page=22 HTTP/1.1" 200 None
DEBUG:urllib3.connectionpool:Starting new HTTPS connection (1): www.olx.ua:443
DEBUG:urllib3.connectionpool:https://www.olx.ua:443 "GET /uk/nedvizhimost/kvartiry/dolgosrochnaya-arenda-kvartir/Odessa/?page=23 HTTP/1.1" 200 None
DEBUG:urllib3.connectionpool:Starting new HTTPS connection (1): www.olx.ua:443
DEBUG:urllib3.connectionpool:https://www.olx.ua:443 "GET /uk/nedvizhimost/kvartiry/dolgosrochnaya-arenda-kvartir/Odessa/?page=24 HTTP/1.1" 200 None
DEBUG:urllib3.connectionpool:Starting new HTTPS connection (1): www.olx.ua:443
DEBUG:urllib3.connectionpool:https://www.olx.ua:443 "GET /uk/nedvizhimost/kvartiry/dolgosrochnaya-arenda-kvartir/Odessa/?page=25 HTTP/1.1" 200 None
DEBUG:urllib3.connectionpool:Starting new HTTPS connection (1): www.olx.ua:443
DEBUG:urllib3.connectionpool:https://www.olx.ua:443 "GET /uk/nedvizhimost/kvartiry/dolgosrochnaya-arenda-kvartir/Kharkov HTTP/1.1" 301 162
DEBUG:urllib3.connectionpool:Starting new HTTP connection (1): www.olx.ua:80
DEBUG:urllib3.connectionpool:http://www.olx.ua:80 "GET /uk/nedvizhimost/kvartiry/dolgosrochnaya-arenda-kvartir/Kharkov/ HTTP/1.1" 301 167
DEBUG:urllib3.connectionpool:https://www.olx.ua:443 "GET /uk/nedvizhimost/kvartiry/dolgosrochnaya-arenda-kvartir/Kharkov/ HTTP/1.1" 200 None
DEBUG:urllib3.connectionpool:Starting new HTTPS connection (1): www.olx.ua:443
DEBUG:urllib3.connectionpool:https://www.olx.ua:443 "GET /uk/nedvizhimost/kvartiry/dolgosrochnaya-arenda-kvartir/Kharkov/?page=2 HTTP/1.1" 200 None
DEBUG:urllib3.connectionpool:Starting new HTTPS connection (1): www.olx.ua:443
DEBUG:urllib3.connectionpool:https://www.olx.ua:443 "GET /uk/nedvizhimost/kvartiry/dolgosrochnaya-arenda-kvartir/Kharkov/?page=3 HTTP/1.1" 200 None
DEBUG:urllib3.connectionpool:Starting new HTTPS connection (1): www.olx.ua:443
DEBUG:urllib3.connectionpool:https://www.olx.ua:443 "GET /uk/nedvizhimost/kvartiry/dolgosrochnaya-arenda-kvartir/Kharkov/?page=4 HTTP/1.1" 200 None
DEBUG:urllib3.connectionpool:Starting new HTTPS connection (1): www.olx.ua:443
DEBUG:urllib3.connectionpool:https://www.olx.ua:443 "GET /uk/nedvizhimost/kvartiry/dolgosrochnaya-arenda-kvartir/Kharkov/?page=5 HTTP/1.1" 200 None
DEBUG:urllib3.connectionpool:Starting new HTTPS connection (1): www.olx.ua:443
DEBUG:urllib3.connectionpool:https://www.olx.ua:443 "GET /uk/nedvizhimost/kvartiry/dolgosrochnaya-arenda-kvartir/Kharkov/?page=6 HTTP/1.1" 200 None
DEBUG:urllib3.connectionpool:Starting new HTTPS connection (1): www.olx.ua:443
DEBUG:urllib3.connectionpool:https://www.olx.ua:443 "GET /uk/nedvizhimost/kvartiry/dolgosrochnaya-arenda-kvartir/Kharkov/?page=7 HTTP/1.1" 200 None
DEBUG:urllib3.connectionpool:Starting new HTTPS connection (1): www.olx.ua:443
DEBUG:urllib3.connectionpool:https://www.olx.ua:443 "GET /uk/nedvizhimost/kvartiry/dolgosrochnaya-arenda-kvartir/Kharkov/?page=8 HTTP/1.1" 200 None
DEBUG:urllib3.connectionpool:Starting new HTTPS connection (1): www.olx.ua:443
DEBUG:urllib3.connectionpool:https://www.olx.ua:443 "GET /uk/nedvizhimost/kvartiry/dolgosrochnaya-arenda-kvartir/Kharkov/?page=9 HTTP/1.1" 200 None
DEBUG:urllib3.connectionpool:Starting new HTTPS connection (1): www.olx.ua:443
DEBUG:urllib3.connectionpool:https://www.olx.ua:443 "GET /uk/nedvizhimost/kvartiry/dolgosrochnaya-arenda-kvartir/Kharkov/?page=10 HTTP/1.1" 200 None
DEBUG:urllib3.connectionpool:Starting new HTTPS connection (1): www.olx.ua:443
DEBUG:urllib3.connectionpool:https://www.olx.ua:443 "GET /uk/nedvizhimost/kvartiry/dolgosrochnaya-arenda-kvartir/Kharkov/?page=11 HTTP/1.1" 200 None
DEBUG:urllib3.connectionpool:Starting new HTTPS connection (1): www.olx.ua:443
DEBUG:urllib3.connectionpool:https://www.olx.ua:443 "GET /uk/nedvizhimost/kvartiry/dolgosrochnaya-arenda-kvartir/Kharkov/?page=12 HTTP/1.1" 200 None
DEBUG:urllib3.connectionpool:Starting new HTTPS connection (1): www.olx.ua:443
DEBUG:urllib3.connectionpool:https://www.olx.ua:443 "GET /uk/nedvizhimost/kvartiry/dolgosrochnaya-arenda-kvartir/Kharkov/?page=13 HTTP/1.1" 200 None
DEBUG:urllib3.connectionpool:Starting new HTTPS connection (1): www.olx.ua:443
DEBUG:urllib3.connectionpool:https://www.olx.ua:443 "GET /uk/nedvizhimost/kvartiry/dolgosrochnaya-arenda-kvartir/Kharkov/?page=14 HTTP/1.1" 200 None
DEBUG:urllib3.connectionpool:Starting new HTTPS connection (1): www.olx.ua:443
DEBUG:urllib3.connectionpool:https://www.olx.ua:443 "GET /uk/nedvizhimost/kvartiry/dolgosrochnaya-arenda-kvartir/Kharkov/?page=15 HTTP/1.1" 200 None
DEBUG:urllib3.connectionpool:Starting new HTTPS connection (1): www.olx.ua:443
DEBUG:urllib3.connectionpool:https://www.olx.ua:443 "GET /uk/nedvizhimost/kvartiry/dolgosrochnaya-arenda-kvartir/Kharkov/?page=16 HTTP/1.1" 200 None
DEBUG:urllib3.connectionpool:Starting new HTTPS connection (1): www.olx.ua:443
DEBUG:urllib3.connectionpool:https://www.olx.ua:443 "GET /uk/nedvizhimost/kvartiry/dolgosrochnaya-arenda-kvartir/Kharkov/?page=17 HTTP/1.1" 200 None
DEBUG:urllib3.connectionpool:Starting new HTTPS connection (1): www.olx.ua:443
DEBUG:urllib3.connectionpool:https://www.olx.ua:443 "GET /uk/nedvizhimost/kvartiry/dolgosrochnaya-arenda-kvartir/Kharkov/?page=18 HTTP/1.1" 200 None
DEBUG:urllib3.connectionpool:Starting new HTTPS connection (1): www.olx.ua:443
DEBUG:urllib3.connectionpool:https://www.olx.ua:443 "GET /uk/nedvizhimost/kvartiry/dolgosrochnaya-arenda-kvartir/Kharkov/?page=19 HTTP/1.1" 200 None
DEBUG:urllib3.connectionpool:Starting new HTTPS connection (1): www.olx.ua:443
DEBUG:urllib3.connectionpool:https://www.olx.ua:443 "GET /uk/nedvizhimost/kvartiry/dolgosrochnaya-arenda-kvartir/Kharkov/?page=20 HTTP/1.1" 200 None
DEBUG:urllib3.connectionpool:Starting new HTTPS connection (1): www.olx.ua:443
DEBUG:urllib3.connectionpool:https://www.olx.ua:443 "GET /uk/nedvizhimost/kvartiry/dolgosrochnaya-arenda-kvartir/Kharkov/?page=21 HTTP/1.1" 200 None
DEBUG:urllib3.connectionpool:Starting new HTTPS connection (1): www.olx.ua:443
DEBUG:urllib3.connectionpool:https://www.olx.ua:443 "GET /uk/nedvizhimost/kvartiry/dolgosrochnaya-arenda-kvartir/Kharkov/?page=22 HTTP/1.1" 200 None
DEBUG:urllib3.connectionpool:Starting new HTTPS connection (1): www.olx.ua:443
DEBUG:urllib3.connectionpool:https://www.olx.ua:443 "GET /uk/nedvizhimost/kvartiry/dolgosrochnaya-arenda-kvartir/Kharkov/?page=23 HTTP/1.1" 200 None
DEBUG:urllib3.connectionpool:Starting new HTTPS connection (1): www.olx.ua:443
DEBUG:urllib3.connectionpool:https://www.olx.ua:443 "GET /uk/nedvizhimost/kvartiry/dolgosrochnaya-arenda-kvartir/Kharkov/?page=24 HTTP/1.1" 200 None
DEBUG:urllib3.connectionpool:Starting new HTTPS connection (1): www.olx.ua:443
DEBUG:urllib3.connectionpool:https://www.olx.ua:443 "GET /uk/nedvizhimost/kvartiry/dolgosrochnaya-arenda-kvartir/Kharkov/?page=25 HTTP/1.1" 200 None
DEBUG:urllib3.connectionpool:Starting new HTTPS connection (1): www.olx.ua:443
DEBUG:urllib3.connectionpool:https://www.olx.ua:443 "GET /uk/nedvizhimost/kvartiry/dolgosrochnaya-arenda-kvartir/Dnepr HTTP/1.1" 301 162
DEBUG:urllib3.connectionpool:Starting new HTTP connection (1): www.olx.ua:80
DEBUG:urllib3.connectionpool:http://www.olx.ua:80 "GET /uk/nedvizhimost/kvartiry/dolgosrochnaya-arenda-kvartir/Dnepr/ HTTP/1.1" 301 167
DEBUG:urllib3.connectionpool:https://www.olx.ua:443 "GET /uk/nedvizhimost/kvartiry/dolgosrochnaya-arenda-kvartir/Dnepr/ HTTP/1.1" 200 None
DEBUG:urllib3.connectionpool:Starting new HTTPS connection (1): www.olx.ua:443
DEBUG:urllib3.connectionpool:https://www.olx.ua:443 "GET /uk/nedvizhimost/kvartiry/dolgosrochnaya-arenda-kvartir/Dnepr/?page=2 HTTP/1.1" 200 None
DEBUG:urllib3.connectionpool:Starting new HTTPS connection (1): www.olx.ua:443
DEBUG:urllib3.connectionpool:https://www.olx.ua:443 "GET /uk/nedvizhimost/kvartiry/dolgosrochnaya-arenda-kvartir/Dnepr/?page=3 HTTP/1.1" 200 None
DEBUG:urllib3.connectionpool:Starting new HTTPS connection (1): www.olx.ua:443
DEBUG:urllib3.connectionpool:https://www.olx.ua:443 "GET /uk/nedvizhimost/kvartiry/dolgosrochnaya-arenda-kvartir/Dnepr/?page=4 HTTP/1.1" 200 None
DEBUG:urllib3.connectionpool:Starting new HTTPS connection (1): www.olx.ua:443
DEBUG:urllib3.connectionpool:https://www.olx.ua:443 "GET /uk/nedvizhimost/kvartiry/dolgosrochnaya-arenda-kvartir/Dnepr/?page=5 HTTP/1.1" 200 None
DEBUG:urllib3.connectionpool:Starting new HTTPS connection (1): www.olx.ua:443
DEBUG:urllib3.connectionpool:https://www.olx.ua:443 "GET /uk/nedvizhimost/kvartiry/dolgosrochnaya-arenda-kvartir/Dnepr/?page=6 HTTP/1.1" 200 None
DEBUG:urllib3.connectionpool:Starting new HTTPS connection (1): www.olx.ua:443
DEBUG:urllib3.connectionpool:https://www.olx.ua:443 "GET /uk/nedvizhimost/kvartiry/dolgosrochnaya-arenda-kvartir/Dnepr/?page=7 HTTP/1.1" 200 None
DEBUG:urllib3.connectionpool:Starting new HTTPS connection (1): www.olx.ua:443
DEBUG:urllib3.connectionpool:https://www.olx.ua:443 "GET /uk/nedvizhimost/kvartiry/dolgosrochnaya-arenda-kvartir/Dnepr/?page=8 HTTP/1.1" 200 None
DEBUG:urllib3.connectionpool:Starting new HTTPS connection (1): www.olx.ua:443
DEBUG:urllib3.connectionpool:https://www.olx.ua:443 "GET /uk/nedvizhimost/kvartiry/dolgosrochnaya-arenda-kvartir/Dnepr/?page=9 HTTP/1.1" 200 None
DEBUG:urllib3.connectionpool:Starting new HTTPS connection (1): www.olx.ua:443
DEBUG:urllib3.connectionpool:https://www.olx.ua:443 "GET /uk/nedvizhimost/kvartiry/dolgosrochnaya-arenda-kvartir/Dnepr/?page=10 HTTP/1.1" 200 None
DEBUG:urllib3.connectionpool:Starting new HTTPS connection (1): www.olx.ua:443
DEBUG:urllib3.connectionpool:https://www.olx.ua:443 "GET /uk/nedvizhimost/kvartiry/dolgosrochnaya-arenda-kvartir/Dnepr/?page=11 HTTP/1.1" 200 None
DEBUG:urllib3.connectionpool:Starting new HTTPS connection (1): www.olx.ua:443
DEBUG:urllib3.connectionpool:https://www.olx.ua:443 "GET /uk/nedvizhimost/kvartiry/dolgosrochnaya-arenda-kvartir/Dnepr/?page=12 HTTP/1.1" 200 None
DEBUG:urllib3.connectionpool:Starting new HTTPS connection (1): www.olx.ua:443
DEBUG:urllib3.connectionpool:https://www.olx.ua:443 "GET /uk/nedvizhimost/kvartiry/dolgosrochnaya-arenda-kvartir/Dnepr/?page=13 HTTP/1.1" 200 None
DEBUG:urllib3.connectionpool:Starting new HTTPS connection (1): www.olx.ua:443
DEBUG:urllib3.connectionpool:https://www.olx.ua:443 "GET /uk/nedvizhimost/kvartiry/dolgosrochnaya-arenda-kvartir/Dnepr/?page=14 HTTP/1.1" 200 None
DEBUG:urllib3.connectionpool:Starting new HTTPS connection (1): www.olx.ua:443
DEBUG:urllib3.connectionpool:https://www.olx.ua:443 "GET /uk/nedvizhimost/kvartiry/dolgosrochnaya-arenda-kvartir/Dnepr/?page=15 HTTP/1.1" 200 None
DEBUG:urllib3.connectionpool:Starting new HTTPS connection (1): www.olx.ua:443
DEBUG:urllib3.connectionpool:https://www.olx.ua:443 "GET /uk/nedvizhimost/kvartiry/dolgosrochnaya-arenda-kvartir/Dnepr/?page=16 HTTP/1.1" 200 None
DEBUG:urllib3.connectionpool:Starting new HTTPS connection (1): www.olx.ua:443
DEBUG:urllib3.connectionpool:https://www.olx.ua:443 "GET /uk/nedvizhimost/kvartiry/dolgosrochnaya-arenda-kvartir/Dnepr/?page=17 HTTP/1.1" 200 None
DEBUG:urllib3.connectionpool:Starting new HTTPS connection (1): www.olx.ua:443
DEBUG:urllib3.connectionpool:https://www.olx.ua:443 "GET /uk/nedvizhimost/kvartiry/dolgosrochnaya-arenda-kvartir/Dnepr/?page=18 HTTP/1.1" 200 None
DEBUG:urllib3.connectionpool:Starting new HTTPS connection (1): www.olx.ua:443
DEBUG:urllib3.connectionpool:https://www.olx.ua:443 "GET /uk/nedvizhimost/kvartiry/dolgosrochnaya-arenda-kvartir/Dnepr/?page=19 HTTP/1.1" 200 None
DEBUG:urllib3.connectionpool:Starting new HTTPS connection (1): www.olx.ua:443
DEBUG:urllib3.connectionpool:https://www.olx.ua:443 "GET /uk/nedvizhimost/kvartiry/dolgosrochnaya-arenda-kvartir/Dnepr/?page=20 HTTP/1.1" 200 None
DEBUG:urllib3.connectionpool:Starting new HTTPS connection (1): www.olx.ua:443
DEBUG:urllib3.connectionpool:https://www.olx.ua:443 "GET /uk/nedvizhimost/kvartiry/dolgosrochnaya-arenda-kvartir/Dnepr/?page=21 HTTP/1.1" 200 None
DEBUG:urllib3.connectionpool:Starting new HTTPS connection (1): www.olx.ua:443
DEBUG:urllib3.connectionpool:https://www.olx.ua:443 "GET /uk/nedvizhimost/kvartiry/dolgosrochnaya-arenda-kvartir/Dnepr/?page=22 HTTP/1.1" 200 None
DEBUG:urllib3.connectionpool:Starting new HTTPS connection (1): www.olx.ua:443
DEBUG:urllib3.connectionpool:https://www.olx.ua:443 "GET /uk/nedvizhimost/kvartiry/dolgosrochnaya-arenda-kvartir/Dnepr/?page=23 HTTP/1.1" 200 None
DEBUG:urllib3.connectionpool:Starting new HTTPS connection (1): www.olx.ua:443
DEBUG:urllib3.connectionpool:https://www.olx.ua:443 "GET /uk/nedvizhimost/kvartiry/dolgosrochnaya-arenda-kvartir/Dnepr/?page=24 HTTP/1.1" 200 None
DEBUG:urllib3.connectionpool:Starting new HTTPS connection (1): www.olx.ua:443
DEBUG:urllib3.connectionpool:https://www.olx.ua:443 "GET /uk/nedvizhimost/kvartiry/dolgosrochnaya-arenda-kvartir/Dnepr/?page=25 HTTP/1.1" 200 None
INFO:root:File updated successfully. 6481 new entries added
INFO:root:File updated successfully. 6487 new entries added
INFO:root:File updated successfully. 6490 new entries added
